app/build/intermediates/manifest_merge_blame_file/debug/manifest-merger-blame-debug-report.txt
1<?xml version="1.0" encoding="utf-8"?>
2<manifest xmlns:android="http://schemas.android.com/apk/res/android"
3    package="lobaev.technopark.homework2"
4    android:versionCode="1"
5    android:versionName="1.0" >
6
7    <uses-sdk
8        android:minSdkVersion="15"
8-->src/main/AndroidManifest.xml
9        android:targetSdkVersion="29" />
9-->src/main/AndroidManifest.xml
10
11    <application
11-->src/main/AndroidManifest.xml:5:2-18:16
12        android:allowBackup="true"
12-->src/main/AndroidManifest.xml:6:3-29
13        android:appComponentFactory="androidx.core.app.CoreComponentFactory"
13-->[androidx.core:core:1.1.0] AndroidManifest.xml:24:18-86
14        android:debuggable="true"
15        android:icon="@mipmap/ic_launcher"
15-->src/main/AndroidManifest.xml:7:3-37
16        android:label="@string/app_name"
16-->src/main/AndroidManifest.xml:8:3-35
17        android:roundIcon="@mipmap/ic_launcher_round"
17-->src/main/AndroidManifest.xml:9:3-48
18        android:supportsRtl="true"
18-->src/main/AndroidManifest.xml:10:3-29
19        android:testOnly="true"
20        android:theme="@style/AppTheme" >
20-->src/main/AndroidManifest.xml:11:3-34
21        <activity android:name="lobaev.technopark.homework2.MainActivity" >
21-->src/main/AndroidManifest.xml:12:3-17:14
21-->src/main/AndroidManifest.xml:12:13-41
22            <intent-filter>
22-->src/main/AndroidManifest.xml:13:4-16:20
23                <action android:name="android.intent.action.MAIN" />
23-->src/main/AndroidManifest.xml:14:5-57
23-->src/main/AndroidManifest.xml:14:13-54
24
25                <category android:name="android.intent.category.LAUNCHER" />
25-->src/main/AndroidManifest.xml:15:5-65
25-->src/main/AndroidManifest.xml:15:15-62
26            </intent-filter>
27        </activity>
28
29        <provider
29-->[androidx.lifecycle:lifecycle-process:2.0.0] AndroidManifest.xml:23:9-27:43
30            android:name="androidx.lifecycle.ProcessLifecycleOwnerInitializer"
30-->[androidx.lifecycle:lifecycle-process:2.0.0] AndroidManifest.xml:24:13-79
31            android:authorities="lobaev.technopark.homework2.lifecycle-process"
31-->[androidx.lifecycle:lifecycle-process:2.0.0] AndroidManifest.xml:25:13-69
32            android:exported="false"
32-->[androidx.lifecycle:lifecycle-process:2.0.0] AndroidManifest.xml:26:13-37
33            android:multiprocess="true" />
33-->[androidx.lifecycle:lifecycle-process:2.0.0] AndroidManifest.xml:27:13-40
34    </application>
35
36</manifest>